Arguments: 
  C:\Program Files\nodejs\node.exe C:\Users\n_szi\AppData\Roaming\npm\node_modules\yarn\bin\yarn.js

PATH: 
  C:\Program Files (x86)\Common Files\Oracle\Java\javapath;C:\ProgramData\Oracle\Java\javapath;C:\oraclexe\app\oracle\product\11.2.0\server\bin;C:\WINDOWS\system32;C:\WINDOWS;C:\WINDOWS\System32\Wbem;C:\WINDOWS\System32\WindowsPowerShell\v1.0\;C:\WINDOWS\System32\OpenSSH\;C:\Program Files\Git\cmd;C:\Program Files\NVIDIA Corporation\NVIDIA NvDLISR;C:\Program Files (x86)\NVIDIA Corporation\PhysX\Common;C:\Program Files\Java\jdk-11\bin;C:\Program Files\Java\apache-tomcat-9.0.20\lib;C:\Program Files\Java\apache-maven-3.6.1\bin;C:\WINDOWS\system32;C:\WINDOWS;C:\WINDOWS\System32\Wbem;C:\WINDOWS\System32\WindowsPowerShell\v1.0\;C:\WINDOWS\System32\OpenSSH\;C:\Program Files\nvm;C:\Program Files\nodejs;C:\Program Files\Microsoft SQL Server\130\Tools\Binn\;C:\Program Files\nodejs\;C:\Users\n_szi\AppData\Local\Microsoft\WindowsApps;C:\Users\n_szi\AppData\Local\atom\bin;C:\Program Files\Java\jdk-11.0.3\bin;C:\Users\n_szi\AppData\Local\GitHubDesktop\bin;C:\Users\n_szi\AppData\Local\Microsoft\WindowsApps;C:\Users\n_szi\AppData\Local\Programs\Microsoft VS Code\bin;C:\Program Files\nvm;C:\Program Files\nodejs;C:\Program Files\JetBrains\CLion 2019.3.5\bin;;C:\Program Files\JetBrains\PyCharm 2019.3.4\bin;;C:\Program Files\JetBrains\WebStorm 2020.1.2\bin;;C:\Users\n_szi\AppData\Roaming\npm

Yarn version: 
  1.22.5

Node version: 
  14.8.0

Platform: 
  win32 x64

Trace: 
  SyntaxError: F:\Projects\sapi-hirdeto\packages\client\package.json: Unexpected token } in JSON at position 286
      at JSON.parse (<anonymous>)
      at C:\Users\n_szi\AppData\Roaming\npm\node_modules\yarn\lib\cli.js:1625:59
      at Generator.next (<anonymous>)
      at step (C:\Users\n_szi\AppData\Roaming\npm\node_modules\yarn\lib\cli.js:310:30)
      at C:\Users\n_szi\AppData\Roaming\npm\node_modules\yarn\lib\cli.js:321:13

npm manifest: 
  {
    "name": "client",
    "main": "__generated__/AppEntry.js",
    "version": "0.0.1",
    "scripts": {
      "start": "expo start",
      "android": "expo start --android",
      "ios": "expo start --ios",
      "web": "expo start --web",
      "eject": "expo eject",
      "test": "jest --watchAll",
    },
    "jest": {
      "preset": "jest-expo"
    },
    "dependencies": {
      "@expo/vector-icons": "^10.0.0",
      "@react-native-community/masked-view": "0.1.10",
      "@react-navigation/bottom-tabs": "^5.8.0",
      "@react-navigation/native": "^5.7.3",
      "@react-navigation/stack": "^5.9.0",
      "expo": "~39.0.2",
      "expo-asset": "~8.2.0",
      "expo-constants": "~9.2.0",
      "expo-font": "~8.3.0",
      "expo-linking": "^1.0.1",
      "expo-splash-screen": "~0.6.2",
      "expo-status-bar": "~1.0.2",
      "expo-web-browser": "~8.5.0",
      "react": "16.13.1",
      "react-dom": "16.13.1",
      "react-native": "https://github.com/expo/react-native/archive/sdk-39.0.4.tar.gz",
      "react-native-gesture-handler": "~1.7.0",
      "react-native-safe-area-context": "3.1.4",
      "react-native-screens": "~2.10.1",
      "react-native-web": "~0.13.12"
    },
    "devDependencies": {
      "@babel/core": "~7.9.0",
      "@types/react": "~16.9.35",
      "@types/react-native": "~0.63.2",
      "expo-yarn-workspaces": "^1.2.1",
      "jest-expo": "~39.0.0",
      "typescript": "~3.9.5"
    },
    "private": true
  }

yarn manifest: 
  No manifest

Lockfile: 
  No lockfile
